.FF............                                                          [100%]
================================== FAILURES ===================================
E   AssertionError: assert 'other' == 'sport'
      
      - sport
      + other
C:\Users\jpinargo\Projects\trellis\tests\test_api.py:32: AssertionError: assert 'other' == 'sport'
E   AssertionError: assert 'other' == 'technologie'
      
      - technologie
      + other
C:\Users\jpinargo\Projects\trellis\tests\test_api.py:43: AssertionError: assert 'other' == 'technologie'
=========================== short test summary info ===========================
FAILED tests/test_api.py::TestClassification::test_classify_sport - Assertion...
FAILED tests/test_api.py::TestClassification::test_classify_technology - Asse...
2 failed, 13 passed in 39.35s
