.F.......................                                                [100%]
================================== FAILURES ===================================
E   AssertionError: assert 'other' == 'sport'
      
      - sport
      + other
C:\Users\jpinargo\Projects\trellis\tests\test_api.py:37: AssertionError: assert 'other' == 'sport'
=========================== short test summary info ===========================
FAILED tests/test_api.py::TestClassification::test_classify_sport - Assertion...
1 failed, 24 passed in 18.03s
